Target Distance :20, Step Size : 2
1: (x,y) = (1, 1)
2: (x,y) = (2, 1)
3: (x,y) = (3, 2)
4: (x,y) = (3, 3)
5: (x,y) = (3, 4)
6: (x,y) = (4, 5)
7: (x,y) = (4, 5)
8: (x,y) = (5, 6)
9: (x,y) = (5, 6)
10: (x,y) = (5, 7)
11: (x,y) = (6, 8)
12: (x,y) = (6, 8)
13: (x,y) = (7, 9)
14: (x,y) = (7, 10)
15: (x,y) = (7, 10)
16: (x,y) = (8, 11)
17: (x,y) = (9, 12)
18: (x,y) = (9, 12)
19: (x,y) = (10, 12)
20: (x,y) = (10, 12)
21: (x,y) = (11, 12)
22: (x,y) = (12, 12)
23: (x,y) = (13, 13)
24: (x,y) = (13, 13)
25: (x,y) = (14, 13)
26: (x,y) = (15, 13)
27: (x,y) = (16, 14)
After 27 steps, the subject  has the following location: 
(x,y) = ( 16, 14)(m, a) = (21.2603, 0.851966)
or 
(x,y) = ( 16, 14)(m, a) = (21.2603, 0.851966)
Average outward distance per step = 0.787418
Bye !
