Target Distance :100, Step Size : 20
1: (x,y) = (-16.8768, -10.732)
2: (x,y) = (-36.7445, -13.0283)
3: (x,y) = (-39.1287, 6.82912)
4: (x,y) = (-45.6449, 25.7378)
5: (x,y) = (-25.7396, 23.7942)
6: (x,y) = (-6.69112, 17.6985)
7: (x,y) = (12.9311, 13.8297)
8: (x,y) = (29.8082, 3.09821)
9: (x,y) = (16.0789, -11.445)
10: (x,y) = (23.0948, -30.1741)
11: (x,y) = (5.7595, -20.1998)
12: (x,y) = (-4.59589, -37.3102)
13: (x,y) = (14.7034, -42.5577)
14: (x,y) = (18.3114, -22.8858)
15: (x,y) = (11.13, -4.21965)
16: (x,y) = (-6.37919, 5.44618)
17: (x,y) = (-25.4275, -0.650034)
18: (x,y) = (-31.4387, -19.7253)
19: (x,y) = (-34.6985, 0.00728312)
20: (x,y) = (-46.9495, -15.8014)
21: (x,y) = (-28.012, -22.2333)
22: (x,y) = (-30.922, -2.44609)
23: (x,y) = (-19.5269, -18.8825)
24: (x,y) = (0.340858, -21.1781)
25: (x,y) = (13.811, -35.9618)
26: (x,y) = (32.5709, -29.0288)
27: (x,y) = (46.041, -43.8124)
28: (x,y) = (65.3859, -38.7353)
29: (x,y) = (78.1892, -54.1)
30: (x,y) = (78.6318, -74.0951)
After 30 steps, the subject  has the following location: 
(x,y) = ( 78.6318, -74.0951)
or 
(m, a) = (108.042, -0.755703)
Average outward distance per step = 3.6014
Bye !
